<?xml version="1.0" encoding="UTF-8" ?>
<testsuite failures="0" time="14.28" errors="0" skipped="0" tests="6" name="org.openmrs.module.changerelationships.api.ChangeRelationshipsServiceTest">
  <properties>
[...]
</properties>
  <testcase time="11.012" classname="org.openmrs.module.changerelationships.api.ChangeRelationshipsServiceTest" name="shouldSetupContext"/>
  <testcase time="0.721" classname="org.openmrs.module.changerelationships.api.ChangeRelationshipsServiceTest" name="shouldSetupPersonService"/>
  <testcase time="0.727" classname="org.openmrs.module.changerelationships.api.ChangeRelationshipsServiceTest" name="getPersonObjectFromInputnameTest"/>
  <testcase time="0.383" classname="org.openmrs.module.changerelationships.api.ChangeRelationshipsServiceTest" name="findRelationshipTypeFromInputTest"/>
  <testcase time="0.432" classname="org.openmrs.module.changerelationships.api.ChangeRelationshipsServiceTest" name="numberOfRelationshipGivenPersonAndRelationshipTypeTest"/>
  <testcase time="0.566" classname="org.openmrs.module.changerelationships.api.ChangeRelationshipsServiceTest" name="numberOfRelationshipsWhenAllSelected"/>
</testsuite>