<?xml version="1.0" encoding="UTF-8" ?>
<testsuite skipped="0" tests="4" failures="0" errors="0" name="org.openmrs.module.changerelationships.api.ChangeRelationshipsServiceTest" time="22.262">
  <properties>
[...]
</properties>
  <testcase classname="org.openmrs.module.changerelationships.api.ChangeRelationshipsServiceTest" name="shouldSetupContext" time="17.529"/>
  <testcase classname="org.openmrs.module.changerelationships.api.ChangeRelationshipsServiceTest" name="shouldSetupPersonService" time="1.591"/>
  <testcase classname="org.openmrs.module.changerelationships.api.ChangeRelationshipsServiceTest" name="getPersonObjectFromInputnameTest" time="1.656"/>
  <testcase classname="org.openmrs.module.changerelationships.api.ChangeRelationshipsServiceTest" name="findRelationshipTypeFromInputTest" time="0.833"/>
</testsuite>